<?xml version="1.0" encoding="UTF-8"?>
<testng-results ignored="0" total="0" passed="0" failed="0" skipped="0">
  <reporter-output>
  </reporter-output>
  <suite started-at="2021-09-06T23:30:48 IST" name="Suite" finished-at="2021-09-06T23:30:49 IST" duration-ms="415">
    <groups>
      <group name="cucumber">
        <method signature="AbstractTestNGCucumberTests.runScenario(io.cucumber.testng.PickleWrapper,io.cucumber.testng.FeatureWrapper)[pri:0, instance:runner.RunCuke@169e6180]" name="runScenario" class="io.cucumber.testng.AbstractTestNGCucumberTests"/>
      </group> <!-- cucumber -->
    </groups>
    <test started-at="2021-09-06T23:30:48 IST" name="Test" finished-at="2021-09-06T23:30:49 IST" duration-ms="415">
      <class name="runner.RunCuke">
        <test-method is-config="true" signature="setUpClass()[pri:0, instance:runner.RunCuke@169e6180]" started-at="2021-09-06T23:30:48 IST" name="setUpClass" finished-at="2021-09-06T23:30:49 IST" duration-ms="350" status="PASS">
          <reporter-output>
          </reporter-output>
        </test-method> <!-- setUpClass -->
        <test-method is-config="true" signature="tearDownClass()[pri:0, instance:runner.RunCuke@169e6180]" started-at="2021-09-06T23:30:49 IST" name="tearDownClass" finished-at="2021-09-06T23:30:49 IST" duration-ms="19" status="PASS">
          <reporter-output>
          </reporter-output>
        </test-method> <!-- tearDownClass -->
      </class> <!-- runner.RunCuke -->
    </test> <!-- Test -->
  </suite> <!-- Suite -->
</testng-results>
